  PacketProcessor.cpp
c:\users\qudwn\chatserver\chatserver\packetprocessor.cpp(33): warning C4100: 'data': 참조되지 않은 정식 매개 변수입니다.
c:\users\qudwn\chatserver\chatserver\packetprocessor.cpp(34): warning C4100: 'data': 참조되지 않은 정식 매개 변수입니다.
c:\users\qudwn\chatserver\chatserver\packetprocessor.cpp(35): warning C4100: 'data': 참조되지 않은 정식 매개 변수입니다.
c:\users\qudwn\chatserver\chatserver\packetprocessor.cpp(36): warning C4100: 'data': 참조되지 않은 정식 매개 변수입니다.
c:\users\qudwn\chatserver\chatserver\packetprocessor.cpp(85): warning C4100: 'sess': 참조되지 않은 정식 매개 변수입니다.
c:\users\qudwn\chatserver\chatserver\packetprocessor.cpp(89): warning C4100: 'sess': 참조되지 않은 정식 매개 변수입니다.
c:\users\qudwn\chatserver\chatserver\packetprocessor.cpp(93): warning C4100: 'sess': 참조되지 않은 정식 매개 변수입니다.
c:\users\qudwn\chatserver\chatserver\packetprocessor.cpp(97): warning C4100: 'sess': 참조되지 않은 정식 매개 변수입니다.
c:\users\qudwn\chatserver\chatserver\packetprocessor.cpp(101): warning C4100: 'data': 참조되지 않은 정식 매개 변수입니다.
c:\users\qudwn\chatserver\chatserver\packetprocessor.cpp(101): warning C4100: 'sess': 참조되지 않은 정식 매개 변수입니다.
c:\users\qudwn\chatserver\chatserver\packetprocessor.cpp(105): warning C4100: 'data': 참조되지 않은 정식 매개 변수입니다.
c:\users\qudwn\chatserver\chatserver\packetprocessor.cpp(105): warning C4100: 'sess': 참조되지 않은 정식 매개 변수입니다.
c:\users\qudwn\chatserver\chatserver\packetprocessor.cpp(109): warning C4100: 'data': 참조되지 않은 정식 매개 변수입니다.
c:\users\qudwn\chatserver\chatserver\packetprocessor.cpp(109): warning C4100: 'sess': 참조되지 않은 정식 매개 변수입니다.
c:\users\qudwn\chatserver\chatserver\packetprocessor.cpp(165): warning C4267: '인수': 'size_t'에서 'int'(으)로 변환하면서 데이터가 손실될 수 있습니다.
  Room.cpp
c:\users\qudwn\chatserver\chatserver\room.cpp(33): warning C4267: '인수': 'size_t'에서 'int'(으)로 변환하면서 데이터가 손실될 수 있습니다.
c:\users\qudwn\chatserver\chatserver\room.cpp(62): warning C4267: '인수': 'size_t'에서 'int'(으)로 변환하면서 데이터가 손실될 수 있습니다.
c:\users\qudwn\chatserver\chatserver\room.cpp(70): warning C4267: '인수': 'size_t'에서 'int'(으)로 변환하면서 데이터가 손실될 수 있습니다.
  RoomManager.cpp
  ServerContext.cpp
c:\users\qudwn\chatserver\chatserver\servercontext.cpp(49): warning C4267: '인수': 'size_t'에서 'int'(으)로 변환하면서 데이터가 손실될 수 있습니다.
  Session.cpp
  SessionManager.cpp
  main.cpp
  코드를 생성하고 있습니다...
  ChatServer.vcxproj -> C:\Users\qudwn\ChatServer\x64\Debug\ChatServer.exe
